<?xml version="1.0" encoding="UTF-8"?>
<robot generator="Robot 7.2.2 (Python 3.11.4 on darwin)" generated="2025-07-29T13:05:47.041471" rpa="false" schemaversion="5">
<suite id="s1" name="View And Add To Card 2" source="/Users/thirawatw/E2E-test/UI/google/view_and_add_to_card_2.robot">
<test id="s1-t1" name="ค้นหาหนังสือ เพิ่มลง Shopping Cart สำเร็จ" line="8">
<kw name="เข้าหน้าแรกของที่ https://www.amazon.com">
<kw name="Open Browser" owner="SeleniumLibrary">
<msg time="2025-07-29T13:05:47.368816" level="INFO">Opening browser 'edge' to base url 'https://www.amazon.com'.</msg>
<msg time="2025-07-29T13:05:47.886316" level="INFO">Cannot capture screenshot because no browser is open.</msg>
<msg time="2025-07-29T13:05:47.887426" level="FAIL">NoSuchDriverException: Message: Unable to obtain driver for MicrosoftEdge using Selenium Manager.; For documentation on this error, please visit: https://www.selenium.dev/documentation/webdriver/troubleshooting/errors/driver_location
</msg>
<arg>url=${URL}</arg>
<arg>browser=${BROWSER}</arg>
<doc>Opens a new browser instance to the optional ``url``.</doc>
<status status="FAIL" start="2025-07-29T13:05:47.368189" elapsed="0.540730">NoSuchDriverException: Message: Unable to obtain driver for MicrosoftEdge using Selenium Manager.; For documentation on this error, please visit: https://www.selenium.dev/documentation/webdriver/troubleshooting/errors/driver_location
</status>
</kw>
<kw name="Maximize Browser Window" owner="SeleniumLibrary">
<doc>Maximizes current browser window.</doc>
<status status="NOT RUN" start="2025-07-29T13:05:47.909954" elapsed="0.000323"/>
</kw>
<kw name="Wait Until Page Contains Element" owner="SeleniumLibrary">
<arg>id=nav-logo-sprites</arg>
<doc>Waits until the element ``locator`` appears on the current page.</doc>
<status status="NOT RUN" start="2025-07-29T13:05:47.911027" elapsed="0.000316"/>
</kw>
<status status="FAIL" start="2025-07-29T13:05:47.367016" elapsed="0.545084">NoSuchDriverException: Message: Unable to obtain driver for MicrosoftEdge using Selenium Manager.; For documentation on this error, please visit: https://www.selenium.dev/documentation/webdriver/troubleshooting/errors/driver_location
</status>
</kw>
<kw name="ใส่คำค้น How Google Tests Software">
<status status="NOT RUN" start="2025-07-29T13:05:47.913584" elapsed="0.000314"/>
</kw>
<kw name="ตรวจสอบผลการค้นหาหนังสือ How Google Tests Software">
<status status="NOT RUN" start="2025-07-29T13:05:47.914642" elapsed="0.000250"/>
</kw>
<status status="FAIL" start="2025-07-29T13:05:47.365794" elapsed="0.550352">NoSuchDriverException: Message: Unable to obtain driver for MicrosoftEdge using Selenium Manager.; For documentation on this error, please visit: https://www.selenium.dev/documentation/webdriver/troubleshooting/errors/driver_location
</status>
</test>
<status status="FAIL" start="2025-07-29T13:05:47.046960" elapsed="0.874716"/>
</suite>
<statistics>
<total>
<stat pass="0" fail="1" skip="0">All Tests</stat>
</total>
<tag>
</tag>
<suite>
<stat name="View And Add To Card 2" id="s1" pass="0" fail="1" skip="0">View And Add To Card 2</stat>
</suite>
</statistics>
<errors>
<msg time="2025-07-29T13:05:47.364723" level="WARN">Imported resource file '/Users/thirawatw/E2E-test/UI/google/resources.resource' is empty.</msg>
</errors>
</robot>
