<?xml version="1.0" encoding="UTF-8"?>
<robot generator="Robot 7.2.2 (Python 3.11.4 on darwin)" generated="2025-07-29T13:05:48.158235" rpa="false" schemaversion="5">
<suite id="s1" name="E2E-test" source="/Users/thirawatw/E2E-test">
<suite id="s1-s1" name="UI" source="/Users/thirawatw/E2E-test/UI">
<suite id="s1-s1-s1" name="Google" source="/Users/thirawatw/E2E-test/UI/google">
<suite id="s1-s1-s1-s1" name="View And Add To Card 2" source="/Users/thirawatw/E2E-test/UI/google/view_and_add_to_card_2.robot">
<test id="s1-s1-s1-s1-t1" name="ค้นหาหนังสือ เพิ่มลง Shopping Cart สำเร็จ" line="8">
<kw name="เข้าหน้าแรกของที่ https://www.amazon.com">
<kw name="Open Browser" owner="SeleniumLibrary">
<msg time="2025-07-29T13:05:48.333005" level="INFO">Opening browser 'edge' to base url 'https://www.amazon.com'.</msg>
<msg time="2025-07-29T13:05:48.457900" level="INFO">Cannot capture screenshot because no browser is open.</msg>
<msg time="2025-07-29T13:05:48.459198" level="FAIL">NoSuchDriverException: Message: Unable to obtain driver for MicrosoftEdge using Selenium Manager.; For documentation on this error, please visit: https://www.selenium.dev/documentation/webdriver/troubleshooting/errors/driver_location
</msg>
<arg>url=${URL}</arg>
<arg>browser=${BROWSER}</arg>
<doc>Opens a new browser instance to the optional ``url``.</doc>
<status status="FAIL" start="2025-07-29T13:05:48.332266" elapsed="0.132762">NoSuchDriverException: Message: Unable to obtain driver for MicrosoftEdge using Selenium Manager.; For documentation on this error, please visit: https://www.selenium.dev/documentation/webdriver/troubleshooting/errors/driver_location
</status>
</kw>
<kw name="Maximize Browser Window" owner="SeleniumLibrary">
<doc>Maximizes current browser window.</doc>
<status status="NOT RUN" start="2025-07-29T13:05:48.465902" elapsed="0.000262"/>
</kw>
<kw name="Wait Until Page Contains Element" owner="SeleniumLibrary">
<arg>id=nav-logo-sprites</arg>
<doc>Waits until the element ``locator`` appears on the current page.</doc>
<status status="NOT RUN" start="2025-07-29T13:05:48.466344" elapsed="0.000102"/>
</kw>
<status status="FAIL" start="2025-07-29T13:05:48.330902" elapsed="0.135774">NoSuchDriverException: Message: Unable to obtain driver for MicrosoftEdge using Selenium Manager.; For documentation on this error, please visit: https://www.selenium.dev/documentation/webdriver/troubleshooting/errors/driver_location
</status>
</kw>
<kw name="ใส่คำค้น How Google Tests Software">
<status status="NOT RUN" start="2025-07-29T13:05:48.467271" elapsed="0.000146"/>
</kw>
<kw name="ตรวจสอบผลการค้นหาหนังสือ How Google Tests Software">
<status status="NOT RUN" start="2025-07-29T13:05:48.467677" elapsed="0.000174"/>
</kw>
<status status="FAIL" start="2025-07-29T13:05:48.329373" elapsed="0.138896">NoSuchDriverException: Message: Unable to obtain driver for MicrosoftEdge using Selenium Manager.; For documentation on this error, please visit: https://www.selenium.dev/documentation/webdriver/troubleshooting/errors/driver_location
</status>
</test>
<status status="FAIL" start="2025-07-29T13:05:48.193743" elapsed="0.275797"/>
</suite>
<status status="FAIL" start="2025-07-29T13:05:48.191482" elapsed="0.279537"/>
</suite>
<status status="FAIL" start="2025-07-29T13:05:48.186638" elapsed="0.286299"/>
</suite>
<status status="FAIL" start="2025-07-29T13:05:48.162369" elapsed="0.311841"/>
</suite>
<statistics>
<total>
<stat pass="0" fail="1" skip="0">All Tests</stat>
</total>
<tag>
</tag>
<suite>
<stat name="E2E-test" id="s1" pass="0" fail="1" skip="0">E2E-test</stat>
<stat name="UI" id="s1-s1" pass="0" fail="1" skip="0">E2E-test.UI</stat>
<stat name="Google" id="s1-s1-s1" pass="0" fail="1" skip="0">E2E-test.UI.Google</stat>
<stat name="View And Add To Card 2" id="s1-s1-s1-s1" pass="0" fail="1" skip="0">E2E-test.UI.Google.View And Add To Card 2</stat>
</suite>
</statistics>
<errors>
<msg time="2025-07-29T13:05:48.327994" level="WARN">Imported resource file '/Users/thirawatw/E2E-test/UI/google/resources.resource' is empty.</msg>
</errors>
</robot>
