<?xml version="1.0" encoding="UTF-8"?>
<robot generator="Robot 6.1.1 (Python 3.11.13 on darwin)" generated="20250728 14:05:20.315" rpa="false" schemaversion="4">
<suite id="s1" name="View And Add To Card 2" source="/Users/thirawatw/E2E-test/UI/google/view_and_add_to_card_2.robot">
<test id="s1-t1" name="ค้นหาหนังสือ เพิ่มลง Shopping Cart สำเร็จ" line="8">
<kw name="เข้าหน้าแรกของที่ https://www.amazon.com">
<kw name="Open Browser" library="SeleniumLibrary">
<arg>url=https://www.amazon.com</arg>
<arg>browser=${BROWSER}</arg>
<doc>Opens a new browser instance to the optional ``url``.</doc>
<msg timestamp="20250728 14:05:20.551" level="INFO">Opening browser 'edge' to base url 'https://www.amazon.com'.</msg>
<msg timestamp="20250728 14:05:20.791" level="INFO">Cannot capture screenshot because no browser is open.</msg>
<msg timestamp="20250728 14:05:20.791" level="FAIL">NoSuchDriverException: Message: Unable to obtain driver for MicrosoftEdge using Selenium Manager.; For documentation on this error, please visit: https://www.selenium.dev/documentation/webdriver/troubleshooting/errors/driver_location
</msg>
<status status="FAIL" starttime="20250728 14:05:20.551" endtime="20250728 14:05:20.800"/>
</kw>
<status status="FAIL" starttime="20250728 14:05:20.550" endtime="20250728 14:05:20.800"/>
</kw>
<kw name="ใส่คำค้น How Google Tests Software">
<status status="NOT RUN" starttime="20250728 14:05:20.801" endtime="20250728 14:05:20.801"/>
</kw>
<kw name="ตรวจสอบผลการค้นหาหนังสือ How Google Tests Software">
<status status="NOT RUN" starttime="20250728 14:05:20.801" endtime="20250728 14:05:20.801"/>
</kw>
<status status="FAIL" starttime="20250728 14:05:20.549" endtime="20250728 14:05:20.802">NoSuchDriverException: Message: Unable to obtain driver for MicrosoftEdge using Selenium Manager.; For documentation on this error, please visit: https://www.selenium.dev/documentation/webdriver/troubleshooting/errors/driver_location
</status>
</test>
<status status="FAIL" starttime="20250728 14:05:20.316" endtime="20250728 14:05:20.803"/>
</suite>
<statistics>
<total>
<stat pass="0" fail="1" skip="0">All Tests</stat>
</total>
<tag>
</tag>
<suite>
<stat pass="0" fail="1" skip="0" id="s1" name="View And Add To Card 2">View And Add To Card 2</stat>
</suite>
</statistics>
<errors>
<msg timestamp="20250728 14:05:20.548" level="WARN">Imported resource file '/Users/thirawatw/E2E-test/UI/google/resources.resource' is empty.</msg>
</errors>
</robot>
